[22:21:21] [Client thread/INFO]: Setting user: Player105
[22:21:28] [Client thread/WARN]: Skipping bad option: lastServer:
[22:21:28] [Client thread/INFO]: LWJGL Version: 2.9.4
[22:21:35] [Client thread/INFO]: Reloading ResourceManager: Default, FMLFileResourcePack:Forge Mod Loader, FMLFileResourcePack:Minecraft Forge, FMLFileResourcePack:Mo'Block Variants
[22:21:40] [Sound Library Loader/INFO]: Starting up SoundSystem...
[22:21:41] [Thread-8/INFO]: Initializing LWJGL OpenAL
[22:21:41] [Thread-8/INFO]: (The LWJGL binding of OpenAL.  For more information, see http://www.lwjgl.org)
[22:21:41] [Thread-8/INFO]: OpenAL initialized.
[22:21:41] [Sound Library Loader/INFO]: Sound engine started
[22:21:48] [Client thread/INFO]: Created: 16x16 textures-atlas
[22:21:49] [Client thread/INFO]: Reloading ResourceManager: Default, FMLFileResourcePack:Forge Mod Loader, FMLFileResourcePack:Minecraft Forge, FMLFileResourcePack:Mo'Block Variants
[22:21:53] [Client thread/INFO]: SoundSystem shutting down...
[22:21:54] [Client thread/WARN]: Author: Paul Lamb, www.paulscode.com
[22:21:54] [Sound Library Loader/INFO]: Starting up SoundSystem...
[22:21:54] [Thread-10/INFO]: Initializing LWJGL OpenAL
[22:21:54] [Thread-10/INFO]: (The LWJGL binding of OpenAL.  For more information, see http://www.lwjgl.org)
[22:21:54] [Thread-10/INFO]: OpenAL initialized.
[22:21:54] [Sound Library Loader/INFO]: Sound engine started
[22:22:00] [Client thread/INFO]: Created: 512x512 textures-atlas
[22:22:02] [Client thread/WARN]: Skipping bad option: lastServer:
[22:22:03] [Realms Notification Availability checker #1/INFO]: Could not authorize you against Realms server: Invalid session id
[22:22:08] [Server thread/INFO]: Starting integrated minecraft server version 1.10.2
[22:22:08] [Server thread/INFO]: Generating keypair
[22:22:09] [Server thread/INFO]: Preparing start region for level 0
[22:22:10] [Server thread/INFO]: Preparing spawn area: 27%
[22:22:11] [Server thread/INFO]: Changing view distance to 12, from 10
[22:22:14] [Server thread/INFO]: Player105[local:E:8f2f92eb] logged in with entity id 220 at (-82.30000001192093, 80.0, 178.30000001192093)
[22:22:14] [Server thread/INFO]: Player105 joined the game
[22:22:15] [Server thread/INFO]: Saving and pausing game...
[22:22:15] [Server thread/INFO]: Saving chunks for level 'New World'/Overworld
[22:22:16] [Server thread/INFO]: Saving chunks for level 'New World'/Nether
[22:22:16] [Server thread/INFO]: Saving chunks for level 'New World'/The End
[22:22:17] [pool-2-thread-1/WARN]: Couldn't look up profile properties for com.mojang.authlib.GameProfile@26cdb922[id=57dc6a46-e74c-3ba4-9f22-c0301d6047ec,name=Player105,properties={},legacy=false]
com.mojang.authlib.exceptions.AuthenticationException: The client has sent too many requests within a certain amount of time
	at com.mojang.authlib.yggdrasil.YggdrasilAuthenticationService.makeRequest(YggdrasilAuthenticationService.java:65) ~[YggdrasilAuthenticationService.class:?]
	at com.mojang.authlib.yggdrasil.YggdrasilMinecraftSessionService.fillGameProfile(YggdrasilMinecraftSessionService.java:175) [YggdrasilMinecraftSessionService.class:?]
	at com.mojang.authlib.yggdrasil.YggdrasilMinecraftSessionService$1.load(YggdrasilMinecraftSessionService.java:59) [YggdrasilMinecraftSessionService$1.class:?]
	at com.mojang.authlib.yggdrasil.YggdrasilMinecraftSessionService$1.load(YggdrasilMinecraftSessionService.java:56) [YggdrasilMinecraftSessionService$1.class:?]
	at com.google.common.cache.LocalCache$LoadingValueReference.loadFuture(LocalCache.java:3524) [guava-17.0.jar:?]
	at com.google.common.cache.LocalCache$Segment.loadSync(LocalCache.java:2317) [guava-17.0.jar:?]
	at com.google.common.cache.LocalCache$Segment.lockedGetOrLoad(LocalCache.java:2280) [guava-17.0.jar:?]
	at com.google.common.cache.LocalCache$Segment.get(LocalCache.java:2195) [guava-17.0.jar:?]
	at com.google.common.cache.LocalCache.get(LocalCache.java:3934) [guava-17.0.jar:?]
	at com.google.common.cache.LocalCache.getOrLoad(LocalCache.java:3938) [guava-17.0.jar:?]
	at com.google.common.cache.LocalCache$LocalLoadingCache.get(LocalCache.java:4821) [guava-17.0.jar:?]
	at com.google.common.cache.LocalCache$LocalLoadingCache.getUnchecked(LocalCache.java:4827) [guava-17.0.jar:?]
	at com.mojang.authlib.yggdrasil.YggdrasilMinecraftSessionService.fillProfileProperties(YggdrasilMinecraftSessionService.java:165) [YggdrasilMinecraftSessionService.class:?]
	at net.minecraft.client.Minecraft.getProfileProperties(Minecraft.java:3060) [Minecraft.class:?]
	at net.minecraft.client.resources.SkinManager$3.run(SkinManager.java:131) [SkinManager$3.class:?]
	at java.util.concurrent.Executors$RunnableAdapter.call(Unknown Source) [?:1.8.0_144]
	at java.util.concurrent.FutureTask.run(Unknown Source) [?:1.8.0_144]
	at java.util.concurrent.ThreadPoolExecutor.runWorker(Unknown Source) [?:1.8.0_144]
	at java.util.concurrent.ThreadPoolExecutor$Worker.run(Unknown Source) [?:1.8.0_144]
	at java.lang.Thread.run(Unknown Source) [?:1.8.0_144]
[22:22:37] [Server thread/INFO]: Player105 has just earned the achievement [Taking Inventory]
[22:22:37] [Client thread/INFO]: [CHAT] Player105 has just earned the achievement [Taking Inventory]
[22:23:07] [Server thread/INFO]: Saving and pausing game...
[22:23:07] [Server thread/INFO]: Saving chunks for level 'New World'/Overworld
[22:23:07] [Server thread/INFO]: Saving chunks for level 'New World'/Nether
[22:23:07] [Server thread/INFO]: Saving chunks for level 'New World'/The End
[22:23:08] [Server thread/INFO]: Stopping server
[22:23:08] [Server thread/INFO]: Saving players
[22:23:08] [Server thread/INFO]: Saving worlds
[22:23:08] [Server thread/INFO]: Saving chunks for level 'New World'/Overworld
[22:23:08] [Server thread/INFO]: Saving chunks for level 'New World'/Nether
[22:23:08] [Server thread/INFO]: Saving chunks for level 'New World'/The End
[22:23:09] [Client thread/INFO]: Stopping!
[22:23:09] [Client thread/INFO]: SoundSystem shutting down...
[22:23:09] [Client thread/WARN]: Author: Paul Lamb, www.paulscode.com
[22:24:35] [Client thread/INFO]: Setting user: Player925
